2026-06-25 04:32:53.262: [INFO][Sync] Reset engine, reason: 8
2026-06-25 04:32:53.262: [INFO][Sync] Stopped: Bookmarks
2026-06-25 04:32:53.262: [INFO][Sync] Stopped: Preferences
2026-06-25 04:32:53.262: [INFO][Sync] Stopped: Passwords
2026-06-25 04:32:53.262: [INFO][Sync] Stopped: Autofill Profiles
2026-06-25 04:32:53.262: [INFO][Sync] Stopped: Autofill
2026-06-25 04:32:53.262: [INFO][Sync] Stopped: Extensions
2026-06-25 04:32:53.262: [INFO][Sync] Stopped: Sessions
2026-06-25 04:32:53.262: [INFO][Sync] Stopped: Extension settings
2026-06-25 04:32:53.262: [INFO][Sync] Stopped: History Delete Directives
2026-06-25 04:32:53.262: [INFO][Sync] Stopped: Device Info
2026-06-25 04:32:53.262: [INFO][Sync] Stopped: User Consents
2026-06-25 04:32:53.262: [INFO][Sync] Stopped: Send Tab To Self
2026-06-25 04:32:53.262: [INFO][Sync] Stopped: Web Apps
2026-06-25 04:32:53.262: [INFO][Sync] Stopped: History
2026-06-25 04:32:53.262: [INFO][Sync] Stopped: Saved Tab Group
2026-06-25 04:32:53.262: [INFO][Sync] Stopped: WebAuthn Credentials
2026-06-25 04:32:53.262: [INFO][Sync] Stopped: Edge E Drop
2026-06-25 04:32:53.262: [INFO][Sync] Stopped: Edge Hub App Usage
2026-06-25 04:32:53.262: [INFO][Sync] Stopped: Edge Journey
2026-06-25 04:32:53.262: [INFO][Sync] Stopped: Edge Wallet
2026-06-25 04:32:53.262: [INFO][Sync] Stopped: Edge Workspace
2026-06-25 04:32:53.262: [INFO][Sync] SyncState after authenticated was: NotSignedIn
2026-06-25 04:32:53.732: [INFO][Sync] Reset engine, reason: 8
2026-06-25 04:32:53.732: [INFO][Sync] Stopped: Bookmarks
2026-06-25 04:32:53.732: [INFO][Sync] Stopped: Preferences
2026-06-25 04:32:53.732: [INFO][Sync] Stopped: Passwords
2026-06-25 04:32:53.732: [INFO][Sync] Stopped: Autofill Profiles
2026-06-25 04:32:53.732: [INFO][Sync] Stopped: Autofill
2026-06-25 04:32:53.732: [INFO][Sync] Stopped: Extensions
2026-06-25 04:32:53.732: [INFO][Sync] Stopped: Sessions
2026-06-25 04:32:53.732: [INFO][Sync] Stopped: Extension settings
2026-06-25 04:32:53.732: [INFO][Sync] Stopped: History Delete Directives
2026-06-25 04:32:53.732: [INFO][Sync] Stopped: Device Info
2026-06-25 04:32:53.732: [INFO][Sync] Stopped: User Consents
2026-06-25 04:32:53.732: [INFO][Sync] Stopped: Send Tab To Self
2026-06-25 04:32:53.732: [INFO][Sync] Stopped: Web Apps
2026-06-25 04:32:53.732: [INFO][Sync] Stopped: History
2026-06-25 04:32:53.732: [INFO][Sync] Stopped: Saved Tab Group
2026-06-25 04:32:53.732: [INFO][Sync] Stopped: WebAuthn Credentials
2026-06-25 04:32:53.732: [INFO][Sync] Stopped: Edge E Drop
2026-06-25 04:32:53.732: [INFO][Sync] Stopped: Edge Hub App Usage
2026-06-25 04:32:53.732: [INFO][Sync] Stopped: Edge Journey
2026-06-25 04:32:53.732: [INFO][Sync] Stopped: Edge Wallet
2026-06-25 04:32:53.732: [INFO][Sync] Stopped: Edge Workspace
2026-06-25 04:33:32.958: [INFO][Sync] Try to start sync engine
2026-06-25 04:33:32.959: [INFO][SyncManagerImpl::NudgeForInitialDownload] Initial download nudge for Encryption Keys
2026-06-25 04:33:32.959: [INFO][SyncEngineBackend::LoadAndConnectNigoriController] Load and connect Nigori controller
2026-06-25 04:33:32.959: [INFO][SyncEngineBackend::DoInitialize] Control Types added: Encryption Keys
2026-06-25 04:33:32.959: [INFO][SyncManagerImpl::ConfigureSyncer] Types to download: Encryption Keys with reason: 3
2026-06-25 04:33:32.959: [INFO][SyncSchedulerImpl::DoConfigurationSyncCycleJob] Configure job was blocked
2026-06-25 04:33:33.070: [INFO][SyncAuthManager::SetLastAuthError] Current auth error: None
2026-06-25 04:33:33.070: [INFO][SyncAuthManager::EdgeLogTokenErrorState] Token error with: None for account type: MSA
2026-06-25 04:33:33.070: [INFO][Sync] Credentials changed for: EdgeSyncScopeNew
2026-06-25 04:33:33.350: [INFO][SyncAuthManager::EdgeLogTokenErrorState] Token error with: EDGE_AUTH_ERROR: 3, 25, a2b for account type: MSA
2026-06-25 04:33:33.350: [INFO][Sync] Credentials changed for: EdgeSyncKeyDataScope
2026-06-25 04:33:33.350: [INFO][SyncEngineBackend::DoUpdateCredentials] Update credentials
2026-06-25 04:33:33.350: [INFO][SyncSchedulerImpl::DoConfigurationSyncCycleJob] Blocked types:  and types to download: Encryption Keys
2026-06-25 04:33:33.357: [INFO][SyncSchedulerImpl::OnSyncNetworkError] Syncer error: Network error (ERR_NAME_NOT_RESOLVED)
2026-06-25 04:33:33.357: [INFO][SyncSchedulerImpl::DoConfigurationSyncCycleJob] Syncer error: Network error (ERR_NAME_NOT_RESOLVED)
2026-06-25 04:33:33.367: [WARN][Sync] NetworkError: Network error (ERR_NAME_NOT_RESOLVED)
2026-06-25 04:33:33.520: [INFO][SyncAuthManager::EdgeLogTokenErrorState] Token error with: EDGE_AUTH_ERROR: 3, 25, a2b for account type: MSA
2026-06-25 04:33:33.520: [INFO][Sync] Credentials changed for: EdgeSyncKeyDataScope
2026-06-25 04:33:34.460: [INFO][SyncSchedulerImpl::DoConfigurationSyncCycleJob] Blocked types:  and types to download: Encryption Keys
2026-06-25 04:33:34.466: [INFO][SyncSchedulerImpl::OnSyncNetworkError] Syncer error: Network error (ERR_NAME_NOT_RESOLVED)
2026-06-25 04:33:34.466: [INFO][SyncSchedulerImpl::DoConfigurationSyncCycleJob] Syncer error: Network error (ERR_NAME_NOT_RESOLVED)
2026-06-25 04:33:34.474: [WARN][Sync] NetworkError: Network error (ERR_NAME_NOT_RESOLVED)
2026-06-25 04:33:34.867: [INFO][SyncSchedulerImpl::DoConfigurationSyncCycleJob] Blocked types:  and types to download: Encryption Keys
2026-06-25 04:33:34.872: [INFO][SyncSchedulerImpl::OnSyncNetworkError] Syncer error: Network error (ERR_NAME_NOT_RESOLVED)
2026-06-25 04:33:34.872: [INFO][SyncSchedulerImpl::DoConfigurationSyncCycleJob] Syncer error: Network error (ERR_NAME_NOT_RESOLVED)
2026-06-25 04:33:34.879: [WARN][Sync] NetworkError: Network error (ERR_NAME_NOT_RESOLVED)
2026-06-25 04:33:35.589: [INFO][SyncAuthManager::EdgeLogTokenErrorState] Token error with: EDGE_AUTH_ERROR: 3, 25, a2b for account type: MSA
2026-06-25 04:33:35.589: [INFO][Sync] Credentials changed for: EdgeSyncKeyDataScope
2026-06-25 04:33:39.278: [INFO][SyncAuthManager::EdgeLogTokenErrorState] Token error with: EDGE_AUTH_ERROR: 3, 25, a2b for account type: MSA
2026-06-25 04:33:39.278: [INFO][Sync] Credentials changed for: EdgeSyncKeyDataScope
2026-06-25 04:33:39.928: [INFO][SyncSchedulerImpl::DoConfigurationSyncCycleJob] Blocked types:  and types to download: Encryption Keys
2026-06-25 04:33:39.938: [INFO][SyncSchedulerImpl::OnSyncNetworkError] Syncer error: Network error (ERR_NAME_NOT_RESOLVED)
2026-06-25 04:33:39.938: [INFO][SyncSchedulerImpl::DoConfigurationSyncCycleJob] Syncer error: Network error (ERR_NAME_NOT_RESOLVED)
2026-06-25 04:33:39.947: [WARN][Sync] NetworkError: Network error (ERR_NAME_NOT_RESOLVED)
2026-06-25 04:33:40.513: [INFO][SyncSchedulerImpl::DoConfigurationSyncCycleJob] Blocked types:  and types to download: Encryption Keys
2026-06-25 04:33:40.518: [INFO][SyncSchedulerImpl::OnSyncNetworkError] Syncer error: Network error (ERR_NAME_NOT_RESOLVED)
2026-06-25 04:33:40.518: [INFO][SyncSchedulerImpl::DoConfigurationSyncCycleJob] Syncer error: Network error (ERR_NAME_NOT_RESOLVED)
2026-06-25 04:33:40.525: [WARN][Sync] NetworkError: Network error (ERR_NAME_NOT_RESOLVED)
2026-06-25 04:33:43.495: [INFO][SyncSchedulerImpl::DoConfigurationSyncCycleJob] Blocked types:  and types to download: Encryption Keys
2026-06-25 04:33:43.503: [INFO][SyncSchedulerImpl::OnSyncNetworkError] Syncer error: Network error (ERR_NAME_NOT_RESOLVED)
2026-06-25 04:33:43.503: [INFO][SyncSchedulerImpl::DoConfigurationSyncCycleJob] Syncer error: Network error (ERR_NAME_NOT_RESOLVED)
2026-06-25 04:33:43.511: [WARN][Sync] NetworkError: Network error (ERR_NAME_NOT_RESOLVED)
2026-06-25 04:33:47.955: [INFO][SyncAuthManager::EdgeLogTokenErrorState] Token error with: EDGE_AUTH_ERROR: 3, 25, a2b for account type: MSA
2026-06-25 04:33:47.955: [INFO][Sync] Credentials changed for: EdgeSyncKeyDataScope
2026-06-25 04:34:01.624: [INFO][SyncSchedulerImpl::DoConfigurationSyncCycleJob] Blocked types:  and types to download: Encryption Keys
2026-06-25 04:34:01.631: [INFO][SyncSchedulerImpl::OnSyncNetworkError] Syncer error: Network error (ERR_NAME_NOT_RESOLVED)
2026-06-25 04:34:01.631: [INFO][SyncSchedulerImpl::DoConfigurationSyncCycleJob] Syncer error: Network error (ERR_NAME_NOT_RESOLVED)
2026-06-25 04:34:01.641: [WARN][Sync] NetworkError: Network error (ERR_NAME_NOT_RESOLVED)
2026-06-25 04:34:03.293: [INFO][SyncAuthManager::EdgeLogTokenErrorState] Token error with: EDGE_AUTH_ERROR: 3, 25, a2b for account type: MSA
2026-06-25 04:34:03.293: [INFO][Sync] Credentials changed for: EdgeSyncKeyDataScope
2026-06-25 04:34:34.572: [INFO][SyncAuthManager::EdgeLogTokenErrorState] Token error with: EDGE_AUTH_ERROR: 3, 25, a2b for account type: MSA
2026-06-25 04:34:34.572: [INFO][Sync] Credentials changed for: EdgeSyncKeyDataScope
2026-06-25 04:35:20.745: [INFO][SyncSchedulerImpl::DoConfigurationSyncCycleJob] Blocked types:  and types to download: Encryption Keys
2026-06-25 04:35:20.750: [INFO][SyncSchedulerImpl::OnSyncNetworkError] Syncer error: Network error (ERR_NAME_NOT_RESOLVED)
2026-06-25 04:35:20.751: [INFO][SyncSchedulerImpl::DoConfigurationSyncCycleJob] Syncer error: Network error (ERR_NAME_NOT_RESOLVED)
2026-06-25 04:35:20.759: [WARN][Sync] NetworkError: Network error (ERR_NAME_NOT_RESOLVED)
2026-06-25 04:35:34.473: [INFO][SyncAuthManager::EdgeLogTokenErrorState] Token error with: EDGE_AUTH_ERROR: 3, 25, a2b for account type: MSA
2026-06-25 04:35:34.473: [INFO][Sync] Credentials changed for: EdgeSyncKeyDataScope
2026-06-25 04:37:19.420: [INFO][SyncSchedulerImpl::DoConfigurationSyncCycleJob] Blocked types:  and types to download: Encryption Keys
2026-06-25 04:37:19.425: [INFO][SyncSchedulerImpl::OnSyncNetworkError] Syncer error: Network error (ERR_INTERNET_DISCONNECTED)
2026-06-25 04:37:19.425: [INFO][SyncSchedulerImpl::DoConfigurationSyncCycleJob] Syncer error: Network error (ERR_INTERNET_DISCONNECTED)
2026-06-25 04:37:19.435: [WARN][Sync] NetworkError: Network error (ERR_INTERNET_DISCONNECTED)
2026-06-25 04:37:30.375: [INFO][SyncAuthManager::EdgeLogTokenErrorState] Token error with: EDGE_AUTH_ERROR: 3, 25, a2b for account type: MSA
2026-06-25 04:37:30.375: [INFO][Sync] Credentials changed for: EdgeSyncKeyDataScope
2026-06-25 04:37:37.438: [INFO][SyncSchedulerImpl::DoConfigurationSyncCycleJob] Blocked types:  and types to download: Encryption Keys
2026-06-25 04:37:37.442: [INFO][SyncSchedulerImpl::OnSyncNetworkError] Syncer error: Network error (ERR_NAME_NOT_RESOLVED)
2026-06-25 04:37:37.443: [INFO][SyncSchedulerImpl::DoConfigurationSyncCycleJob] Syncer error: Network error (ERR_NAME_NOT_RESOLVED)
2026-06-25 04:37:37.454: [WARN][Sync] NetworkError: Network error (ERR_NAME_NOT_RESOLVED)
2026-06-25 04:38:38.484: [INFO][SyncSchedulerImpl::DoConfigurationSyncCycleJob] Blocked types:  and types to download: Encryption Keys
2026-06-25 04:38:38.490: [INFO][SyncSchedulerImpl::OnSyncNetworkError] Syncer error: Network error (ERR_NAME_NOT_RESOLVED)
2026-06-25 04:38:38.490: [INFO][SyncSchedulerImpl::DoConfigurationSyncCycleJob] Syncer error: Network error (ERR_NAME_NOT_RESOLVED)
2026-06-25 04:38:38.499: [WARN][Sync] NetworkError: Network error (ERR_NAME_NOT_RESOLVED)
2026-06-25 04:38:41.492: [INFO][SyncSchedulerImpl::DoConfigurationSyncCycleJob] Blocked types:  and types to download: Encryption Keys
2026-06-25 04:38:41.498: [INFO][SyncSchedulerImpl::OnSyncNetworkError] Syncer error: Network error (ERR_NAME_NOT_RESOLVED)
2026-06-25 04:38:41.499: [INFO][SyncSchedulerImpl::DoConfigurationSyncCycleJob] Syncer error: Network error (ERR_NAME_NOT_RESOLVED)
2026-06-25 04:38:41.509: [WARN][Sync] NetworkError: Network error (ERR_NAME_NOT_RESOLVED)
2026-06-25 04:40:10.854: [INFO][Sync] Reset engine, reason: 0
2026-06-25 04:40:10.854: [INFO][Sync] Reset engine with reason: 0
